TN:
SF:app/api/components/admin/operator.js
FN:10,(anonymous_0)
FN:15,(anonymous_1)
FN:27,(anonymous_2)
FN:37,(anonymous_3)
FN:47,(anonymous_4)
FN:58,(anonymous_5)
FNF:6
FNH:6
FNDA:2,(anonymous_0)
FNDA:2,(anonymous_1)
FNDA:3,(anonymous_2)
FNDA:3,(anonymous_3)
FNDA:3,(anonymous_4)
FNDA:3,(anonymous_5)
DA:1,1
DA:3,1
DA:4,1
DA:5,1
DA:7,1
DA:8,1
DA:10,1
DA:11,2
DA:12,2
DA:15,1
DA:16,2
DA:17,2
DA:20,2
DA:21,1
DA:23,1
DA:24,1
DA:27,1
DA:28,3
DA:29,3
DA:30,3
DA:31,1
DA:33,2
DA:34,2
DA:37,1
DA:38,3
DA:39,3
DA:40,3
DA:41,1
DA:43,2
DA:44,2
DA:47,1
DA:48,3
DA:49,3
DA:50,3
DA:51,3
DA:52,1
DA:54,2
DA:55,2
DA:58,1
DA:59,3
DA:60,3
DA:61,3
DA:62,1
DA:64,2
DA:65,2
DA:68,1
LF:46
LH:46
BRDA:20,0,0,1
BRDA:20,0,1,1
BRDA:30,1,0,1
BRDA:30,1,1,2
BRDA:40,2,0,1
BRDA:40,2,1,2
BRDA:51,3,0,1
BRDA:51,3,1,2
BRDA:61,4,0,1
BRDA:61,4,1,2
BRF:10
BRH:10
end_of_record
TN:
SF:app/api/components/admin/depository/inquiry/handler.js
FN:8,(anonymous_0)
FN:12,(anonymous_1)
FNF:2
FNH:2
FNDA:1,(anonymous_0)
FNDA:1,(anonymous_1)
DA:1,1
DA:2,1
DA:3,1
DA:5,1
DA:6,1
DA:8,1
DA:9,1
DA:12,1
DA:13,1
DA:16,1
LF:10
LH:10
BRF:0
BRH:0
end_of_record
TN:
SF:app/api/components/admin/depository/inquiry/main.js
FN:8,(anonymous_0)
FN:12,(anonymous_1)
FN:22,(anonymous_2)
FNF:3
FNH:3
FNDA:2,(anonymous_0)
FNDA:2,(anonymous_1)
FNDA:2,(anonymous_2)
DA:1,1
DA:2,1
DA:3,1
DA:5,1
DA:9,2
DA:13,2
DA:14,2
DA:15,2
DA:16,1
DA:17,1
DA:19,1
DA:23,2
DA:24,2
DA:25,2
DA:26,1
DA:27,1
DA:29,1
DA:33,1
LF:18
LH:18
BRDA:15,0,0,1
BRDA:15,0,1,1
BRDA:25,1,0,1
BRDA:25,1,1,1
BRF:4
BRH:4
end_of_record
TN:
SF:app/api/components/admin/depository/inquiry/query.js
FN:4,(anonymous_0)
FN:8,(anonymous_1)
FN:13,(anonymous_2)
FNF:3
FNH:3
FNDA:5,(anonymous_0)
FNDA:1,(anonymous_1)
FNDA:1,(anonymous_2)
DA:1,1
DA:5,5
DA:9,1
DA:10,1
DA:14,1
DA:15,1
DA:19,1
LF:7
LH:7
BRF:0
BRH:0
end_of_record
TN:
SF:app/api/components/admin/depository/inquiry/schema.js
FNF:0
FNH:0
DA:1,1
DA:3,1
DA:7,1
LF:3
LH:3
BRF:0
BRH:0
end_of_record
TN:
SF:app/api/components/admin/depository/process/command.js
FN:4,(anonymous_0)
FN:8,(anonymous_1)
FN:13,(anonymous_2)
FN:18,(anonymous_3)
FNF:4
FNH:4
FNDA:3,(anonymous_0)
FNDA:1,(anonymous_1)
FNDA:1,(anonymous_2)
FNDA:1,(anonymous_3)
DA:1,1
DA:5,3
DA:9,1
DA:10,1
DA:14,1
DA:15,1
DA:19,1
DA:20,1
DA:24,1
LF:9
LH:9
BRF:0
BRH:0
end_of_record
TN:
SF:app/api/components/admin/depository/process/handler.js
FN:8,(anonymous_0)
FN:12,(anonymous_1)
FN:16,(anonymous_2)
FN:20,(anonymous_3)
FNF:4
FNH:4
FNDA:1,(anonymous_0)
FNDA:1,(anonymous_1)
FNDA:1,(anonymous_2)
FNDA:1,(anonymous_3)
DA:1,1
DA:2,1
DA:3,1
DA:5,1
DA:6,1
DA:8,1
DA:9,1
DA:12,1
DA:13,1
DA:16,1
DA:17,1
DA:20,1
DA:21,1
DA:24,1
LF:14
LH:14
BRF:0
BRH:0
end_of_record
TN:
SF:app/api/components/admin/depository/process/main.js
FN:16,(anonymous_0)
FN:22,(anonymous_1)
FN:46,(anonymous_2)
FN:90,(anonymous_3)
FN:123,(anonymous_4)
FNF:5
FNH:5
FNDA:2,(anonymous_0)
FNDA:3,(anonymous_1)
FNDA:3,(anonymous_2)
FNDA:4,(anonymous_3)
FNDA:4,(anonymous_4)
DA:1,1
DA:3,1
DA:4,1
DA:6,1
DA:7,1
DA:8,1
DA:9,1
DA:11,1
DA:12,1
DA:13,1
DA:17,2
DA:18,2
DA:19,2
DA:23,3
DA:24,3
DA:25,3
DA:26,1
DA:27,1
DA:30,2
DA:31,2
DA:38,2
DA:39,1
DA:40,1
DA:43,1
DA:47,3
DA:48,3
DA:49,3
DA:50,1
DA:51,1
DA:54,2
DA:55,1
DA:56,1
DA:57,1
DA:59,1
DA:60,0
DA:70,1
DA:71,1
DA:74,0
DA:75,0
DA:76,0
DA:77,0
DA:80,0
DA:85,0
DA:87,1
DA:91,4
DA:92,4
DA:93,4
DA:94,1
DA:95,1
DA:98,3
DA:99,3
DA:100,1
DA:101,1
DA:104,2
DA:105,2
DA:115,2
DA:116,1
DA:117,1
DA:120,1
DA:124,4
DA:125,4
DA:126,4
DA:127,1
DA:128,1
DA:131,3
DA:132,3
DA:133,1
DA:134,1
DA:137,2
DA:138,2
DA:139,1
DA:140,1
DA:143,1
DA:147,1
LF:74
LH:67
BRDA:25,0,0,1
BRDA:25,0,1,2
BRDA:38,1,0,1
BRDA:38,1,1,1
BRDA:49,2,0,1
BRDA:49,2,1,2
BRDA:54,3,0,1
BRDA:54,3,1,1
BRDA:59,4,0,0
BRDA:59,4,1,1
BRDA:76,5,0,0
BRDA:76,5,1,0
BRDA:76,6,0,0
BRDA:76,6,1,0
BRDA:93,7,0,1
BRDA:93,7,1,3
BRDA:99,8,0,1
BRDA:99,8,1,2
BRDA:115,9,0,1
BRDA:115,9,1,1
BRDA:126,10,0,1
BRDA:126,10,1,3
BRDA:132,11,0,1
BRDA:132,11,1,2
BRDA:138,12,0,1
BRDA:138,12,1,1
BRF:26
BRH:21
end_of_record
TN:
SF:app/api/components/admin/depository/process/schema.js
FNF:0
FNH:0
DA:1,1
DA:2,1
DA:4,1
DA:12,1
DA:17,1
DA:25,1
DA:29,1
LF:7
LH:7
BRF:0
BRH:0
end_of_record
TN:
SF:app/api/components/document/operator.js
FN:10,(anonymous_0)
FN:15,(anonymous_1)
FN:25,(anonymous_2)
FN:35,(anonymous_3)
FN:46,(anonymous_4)
FNF:5
FNH:5
FNDA:2,(anonymous_0)
FNDA:2,(anonymous_1)
FNDA:3,(anonymous_2)
FNDA:3,(anonymous_3)
FNDA:3,(anonymous_4)
DA:1,1
DA:3,1
DA:4,1
DA:5,1
DA:7,1
DA:8,1
DA:10,1
DA:11,2
DA:12,2
DA:15,1
DA:16,2
DA:17,2
DA:18,2
DA:19,1
DA:21,1
DA:22,1
DA:25,1
DA:26,3
DA:27,3
DA:28,3
DA:29,1
DA:31,2
DA:32,2
DA:35,1
DA:36,3
DA:37,3
DA:38,3
DA:39,3
DA:40,1
DA:42,2
DA:43,2
DA:46,1
DA:47,3
DA:48,3
DA:49,3
DA:50,1
DA:52,2
DA:53,2
DA:56,1
LF:39
LH:39
BRDA:18,0,0,1
BRDA:18,0,1,1
BRDA:28,1,0,1
BRDA:28,1,1,2
BRDA:39,2,0,1
BRDA:39,2,1,2
BRDA:49,3,0,1
BRDA:49,3,1,2
BRF:8
BRH:8
end_of_record
TN:
SF:app/api/components/document/depository/inquiry/handler.js
FN:8,(anonymous_0)
FN:12,(anonymous_1)
FNF:2
FNH:2
FNDA:1,(anonymous_0)
FNDA:1,(anonymous_1)
DA:1,1
DA:2,1
DA:3,1
DA:5,1
DA:6,1
DA:8,1
DA:9,1
DA:12,1
DA:13,1
DA:16,1
LF:10
LH:10
BRF:0
BRH:0
end_of_record
TN:
SF:app/api/components/document/depository/inquiry/main.js
FN:8,(anonymous_0)
FN:12,(anonymous_1)
FN:23,(anonymous_2)
FNF:3
FNH:3
FNDA:2,(anonymous_0)
FNDA:2,(anonymous_1)
FNDA:2,(anonymous_2)
DA:1,1
DA:2,1
DA:3,1
DA:5,1
DA:9,2
DA:13,2
DA:14,2
DA:15,2
DA:16,1
DA:17,1
DA:19,1
DA:20,1
DA:24,2
DA:25,2
DA:26,2
DA:27,1
DA:28,1
DA:30,1
DA:31,1
DA:35,1
LF:20
LH:20
BRDA:15,0,0,1
BRDA:15,0,1,1
BRDA:26,1,0,1
BRDA:26,1,1,1
BRF:4
BRH:4
end_of_record
TN:
SF:app/api/components/document/depository/inquiry/query.js
FN:4,(anonymous_0)
FN:8,(anonymous_1)
FN:13,(anonymous_2)
FNF:3
FNH:3
FNDA:5,(anonymous_0)
FNDA:1,(anonymous_1)
FNDA:1,(anonymous_2)
DA:1,1
DA:5,5
DA:9,1
DA:10,1
DA:14,1
DA:15,1
DA:19,1
LF:7
LH:7
BRF:0
BRH:0
end_of_record
TN:
SF:app/api/components/document/depository/inquiry/schema.js
FNF:0
FNH:0
DA:1,1
DA:3,1
DA:7,1
LF:3
LH:3
BRF:0
BRH:0
end_of_record
TN:
SF:app/api/components/document/depository/process/command.js
FN:4,(anonymous_0)
FN:8,(anonymous_1)
FN:13,(anonymous_2)
FN:18,(anonymous_3)
FNF:4
FNH:4
FNDA:3,(anonymous_0)
FNDA:1,(anonymous_1)
FNDA:1,(anonymous_2)
FNDA:1,(anonymous_3)
DA:1,1
DA:5,3
DA:9,1
DA:10,1
DA:14,1
DA:15,1
DA:19,1
DA:20,1
DA:24,1
LF:9
LH:9
BRF:0
BRH:0
end_of_record
TN:
SF:app/api/components/document/depository/process/handler.js
FN:8,(anonymous_0)
FN:12,(anonymous_1)
FN:16,(anonymous_2)
FNF:3
FNH:3
FNDA:1,(anonymous_0)
FNDA:1,(anonymous_1)
FNDA:1,(anonymous_2)
DA:1,1
DA:2,1
DA:3,1
DA:5,1
DA:6,1
DA:8,1
DA:9,1
DA:12,1
DA:13,1
DA:16,1
DA:17,1
DA:20,1
LF:12
LH:12
BRF:0
BRH:0
end_of_record
TN:
SF:app/api/components/document/depository/process/main.js
FN:13,(anonymous_0)
FN:18,(anonymous_1)
FN:47,(anonymous_2)
FN:79,(anonymous_3)
FNF:4
FNH:4
FNDA:2,(anonymous_0)
FNDA:5,(anonymous_1)
FNDA:3,(anonymous_2)
FNDA:4,(anonymous_3)
DA:1,1
DA:3,1
DA:4,1
DA:6,1
DA:7,1
DA:9,1
DA:10,1
DA:14,2
DA:15,2
DA:19,5
DA:20,5
DA:21,5
DA:22,2
DA:23,2
DA:26,3
DA:27,3
DA:28,1
DA:29,1
DA:32,2
DA:39,2
DA:40,1
DA:41,1
DA:44,1
DA:48,3
DA:49,3
DA:50,3
DA:51,0
DA:52,0
DA:55,3
DA:56,3
DA:57,1
DA:58,1
DA:61,2
DA:71,2
DA:72,1
DA:73,1
DA:76,1
DA:80,4
DA:81,4
DA:82,4
DA:83,1
DA:84,1
DA:87,3
DA:88,3
DA:89,1
DA:90,1
DA:93,2
DA:94,2
DA:95,1
DA:96,1
DA:99,1
DA:103,1
LF:52
LH:50
BRDA:21,0,0,2
BRDA:21,0,1,3
BRDA:27,1,0,1
BRDA:27,1,1,2
BRDA:39,2,0,1
BRDA:39,2,1,1
BRDA:50,3,0,0
BRDA:50,3,1,3
BRDA:56,4,0,1
BRDA:56,4,1,2
BRDA:71,5,0,1
BRDA:71,5,1,1
BRDA:82,6,0,1
BRDA:82,6,1,3
BRDA:88,7,0,1
BRDA:88,7,1,2
BRDA:94,8,0,1
BRDA:94,8,1,1
BRF:18
BRH:17
end_of_record
TN:
SF:app/api/components/document/depository/process/schema.js
FNF:0
FNH:0
DA:1,1
DA:3,1
DA:9,1
DA:16,1
DA:20,1
LF:5
LH:5
BRF:0
BRH:0
end_of_record
TN:
SF:app/api/components/user/operator.js
FN:10,(anonymous_0)
FN:15,(anonymous_1)
FN:25,(anonymous_2)
FN:35,(anonymous_3)
FN:45,(anonymous_4)
FN:56,(anonymous_5)
FNF:6
FNH:6
FNDA:2,(anonymous_0)
FNDA:2,(anonymous_1)
FNDA:3,(anonymous_2)
FNDA:3,(anonymous_3)
FNDA:3,(anonymous_4)
FNDA:3,(anonymous_5)
DA:1,1
DA:3,1
DA:4,1
DA:5,1
DA:7,1
DA:8,1
DA:10,1
DA:11,2
DA:12,2
DA:15,1
DA:16,2
DA:17,2
DA:18,2
DA:19,1
DA:21,1
DA:22,1
DA:25,1
DA:26,3
DA:27,3
DA:28,3
DA:29,1
DA:31,2
DA:32,2
DA:35,1
DA:36,3
DA:37,3
DA:38,3
DA:39,1
DA:41,2
DA:42,2
DA:45,1
DA:46,3
DA:47,3
DA:48,3
DA:49,3
DA:50,1
DA:52,2
DA:53,2
DA:56,1
DA:57,3
DA:58,3
DA:59,3
DA:60,1
DA:62,2
DA:63,2
DA:66,1
LF:46
LH:46
BRDA:18,0,0,1
BRDA:18,0,1,1
BRDA:28,1,0,1
BRDA:28,1,1,2
BRDA:38,2,0,1
BRDA:38,2,1,2
BRDA:49,3,0,1
BRDA:49,3,1,2
BRDA:59,4,0,1
BRDA:59,4,1,2
BRF:10
BRH:10
end_of_record
TN:
SF:app/api/components/user/depository/inquiry/handler.js
FN:8,(anonymous_0)
FN:12,(anonymous_1)
FNF:2
FNH:2
FNDA:1,(anonymous_0)
FNDA:1,(anonymous_1)
DA:1,1
DA:2,1
DA:3,1
DA:5,1
DA:6,1
DA:8,1
DA:9,1
DA:12,1
DA:13,1
DA:16,1
LF:10
LH:10
BRF:0
BRH:0
end_of_record
TN:
SF:app/api/components/user/depository/inquiry/main.js
FN:8,(anonymous_0)
FN:12,(anonymous_1)
FN:23,(anonymous_2)
FNF:3
FNH:3
FNDA:2,(anonymous_0)
FNDA:2,(anonymous_1)
FNDA:2,(anonymous_2)
DA:1,1
DA:2,1
DA:3,1
DA:5,1
DA:9,2
DA:13,2
DA:14,2
DA:15,2
DA:16,1
DA:17,1
DA:19,1
DA:20,1
DA:24,2
DA:25,2
DA:26,2
DA:27,1
DA:28,1
DA:30,1
DA:31,1
DA:35,1
LF:20
LH:20
BRDA:15,0,0,1
BRDA:15,0,1,1
BRDA:26,1,0,1
BRDA:26,1,1,1
BRF:4
BRH:4
end_of_record
TN:
SF:app/api/components/user/depository/inquiry/query.js
FN:4,(anonymous_0)
FN:8,(anonymous_1)
FN:13,(anonymous_2)
FNF:3
FNH:3
FNDA:5,(anonymous_0)
FNDA:1,(anonymous_1)
FNDA:1,(anonymous_2)
DA:1,1
DA:5,5
DA:9,1
DA:10,1
DA:14,1
DA:15,1
DA:19,1
LF:7
LH:7
BRF:0
BRH:0
end_of_record
TN:
SF:app/api/components/user/depository/inquiry/schema.js
FNF:0
FNH:0
DA:1,1
DA:3,1
DA:7,1
LF:3
LH:3
BRF:0
BRH:0
end_of_record
TN:
SF:app/api/components/user/depository/process/command.js
FN:4,(anonymous_0)
FN:8,(anonymous_1)
FN:13,(anonymous_2)
FN:18,(anonymous_3)
FNF:4
FNH:4
FNDA:3,(anonymous_0)
FNDA:1,(anonymous_1)
FNDA:1,(anonymous_2)
FNDA:1,(anonymous_3)
DA:1,1
DA:5,3
DA:9,1
DA:10,1
DA:14,1
DA:15,1
DA:19,1
DA:20,1
DA:24,1
LF:9
LH:9
BRF:0
BRH:0
end_of_record
TN:
SF:app/api/components/user/depository/process/handler.js
FN:8,(anonymous_0)
FN:12,(anonymous_1)
FN:16,(anonymous_2)
FN:20,(anonymous_3)
FNF:4
FNH:4
FNDA:1,(anonymous_0)
FNDA:1,(anonymous_1)
FNDA:1,(anonymous_2)
FNDA:1,(anonymous_3)
DA:1,1
DA:2,1
DA:3,1
DA:5,1
DA:6,1
DA:8,1
DA:9,1
DA:12,1
DA:13,1
DA:16,1
DA:17,1
DA:20,1
DA:21,1
DA:24,1
LF:14
LH:14
BRF:0
BRH:0
end_of_record
TN:
SF:app/api/components/user/depository/process/main.js
FN:16,(anonymous_0)
FN:22,(anonymous_1)
FN:52,(anonymous_2)
FN:96,(anonymous_3)
FN:129,(anonymous_4)
FNF:5
FNH:5
FNDA:2,(anonymous_0)
FNDA:4,(anonymous_1)
FNDA:2,(anonymous_2)
FNDA:4,(anonymous_3)
FNDA:4,(anonymous_4)
DA:1,1
DA:3,1
DA:4,1
DA:6,1
DA:7,1
DA:8,1
DA:9,1
DA:11,1
DA:12,1
DA:13,1
DA:17,2
DA:18,2
DA:19,2
DA:23,4
DA:24,4
DA:25,4
DA:26,1
DA:27,1
DA:30,3
DA:31,3
DA:32,1
DA:33,1
DA:36,2
DA:37,2
DA:44,2
DA:45,1
DA:46,1
DA:49,1
DA:53,2
DA:54,2
DA:55,2
DA:56,1
DA:57,1
DA:60,1
DA:61,0
DA:62,0
DA:63,0
DA:65,0
DA:66,0
DA:76,0
DA:77,0
DA:80,0
DA:81,0
DA:82,0
DA:83,0
DA:86,0
DA:91,0
DA:93,1
DA:97,4
DA:98,4
DA:99,4
DA:100,1
DA:101,1
DA:104,3
DA:105,3
DA:106,1
DA:107,1
DA:110,2
DA:111,2
DA:121,2
DA:122,1
DA:123,1
DA:126,1
DA:130,4
DA:131,4
DA:132,4
DA:133,1
DA:134,1
DA:137,3
DA:138,3
DA:139,1
DA:140,1
DA:143,2
DA:144,2
DA:145,1
DA:146,1
DA:149,1
DA:153,1
LF:78
LH:65
BRDA:25,0,0,1
BRDA:25,0,1,3
BRDA:31,1,0,1
BRDA:31,1,1,2
BRDA:44,2,0,1
BRDA:44,2,1,1
BRDA:55,3,0,1
BRDA:55,3,1,1
BRDA:60,4,0,0
BRDA:60,4,1,1
BRDA:65,5,0,0
BRDA:65,5,1,0
BRDA:82,6,0,0
BRDA:82,6,1,0
BRDA:82,7,0,0
BRDA:82,7,1,0
BRDA:99,8,0,1
BRDA:99,8,1,3
BRDA:105,9,0,1
BRDA:105,9,1,2
BRDA:121,10,0,1
BRDA:121,10,1,1
BRDA:132,11,0,1
BRDA:132,11,1,3
BRDA:138,12,0,1
BRDA:138,12,1,2
BRDA:144,13,0,1
BRDA:144,13,1,1
BRF:28
BRH:21
end_of_record
TN:
SF:app/api/components/user/depository/process/schema.js
FNF:0
FNH:0
DA:1,1
DA:2,1
DA:4,1
DA:12,1
DA:17,1
DA:25,1
DA:29,1
LF:7
LH:7
BRF:0
BRH:0
end_of_record
TN:
SF:app/config/config.js
FN:26,(anonymous_0)
FNF:1
FNH:1
FNDA:23,(anonymous_0)
DA:1,1
DA:2,1
DA:4,1
DA:24,1
DA:26,23
LF:5
LH:5
BRF:0
BRH:0
end_of_record
TN:
SF:app/database/mongodb/commands.js
FN:10,(anonymous_0)
FN:14,(anonymous_1)
FN:18,(anonymous_2)
FN:24,(anonymous_3)
FN:48,(anonymous_4)
FN:71,(anonymous_5)
FN:94,(anonymous_6)
FN:126,(anonymous_7)
FN:149,(anonymous_8)
FNF:9
FNH:9
FNDA:7,(anonymous_0)
FNDA:1,(anonymous_1)
FNDA:1,(anonymous_2)
FNDA:4,(anonymous_3)
FNDA:4,(anonymous_4)
FNDA:3,(anonymous_5)
FNDA:5,(anonymous_6)
FNDA:4,(anonymous_7)
FNDA:4,(anonymous_8)
DA:1,1
DA:3,1
DA:4,1
DA:5,1
DA:7,1
DA:11,7
DA:15,1
DA:19,1
DA:20,1
DA:21,1
DA:25,4
DA:26,4
DA:27,4
DA:28,4
DA:29,1
DA:30,1
DA:32,3
DA:33,3
DA:34,3
DA:35,3
DA:36,2
DA:37,2
DA:38,1
DA:39,1
DA:41,1
DA:43,1
DA:44,1
DA:49,4
DA:50,4
DA:51,4
DA:52,4
DA:53,1
DA:54,1
DA:56,3
DA:57,3
DA:58,3
DA:59,3
DA:60,0
DA:61,0
DA:62,0
DA:64,0
DA:66,3
DA:67,3
DA:72,3
DA:73,3
DA:74,3
DA:75,3
DA:76,1
DA:77,1
DA:79,2
DA:80,2
DA:81,2
DA:82,2
DA:83,1
DA:84,1
DA:85,0
DA:87,1
DA:89,1
DA:90,1
DA:95,5
DA:96,5
DA:97,5
DA:98,5
DA:99,1
DA:100,1
DA:102,4
DA:103,4
DA:104,4
DA:105,4
DA:106,3
DA:109,3
DA:112,2
DA:113,2
DA:114,2
DA:115,1
DA:117,1
DA:119,1
DA:121,1
DA:122,1
DA:127,4
DA:128,4
DA:129,4
DA:130,4
DA:131,1
DA:132,1
DA:134,3
DA:135,3
DA:136,3
DA:137,3
DA:138,2
DA:139,2
DA:140,1
DA:142,1
DA:144,1
DA:145,1
DA:150,4
DA:151,4
DA:152,4
DA:153,4
DA:154,1
DA:155,1
DA:157,3
DA:158,3
DA:159,3
DA:160,3
DA:161,2
DA:162,2
DA:163,1
DA:165,1
DA:168,1
DA:169,1
DA:174,1
LF:112
LH:107
BRDA:20,0,0,1
BRDA:20,0,1,0
BRDA:28,1,0,1
BRDA:28,1,1,3
BRDA:37,2,0,1
BRDA:37,2,1,1
BRDA:52,3,0,1
BRDA:52,3,1,3
BRDA:61,4,0,0
BRDA:61,4,1,0
BRDA:75,5,0,1
BRDA:75,5,1,2
BRDA:84,6,0,0
BRDA:84,6,1,1
BRDA:98,7,0,1
BRDA:98,7,1,4
BRDA:109,8,0,2
BRDA:109,8,1,1
BRDA:114,9,0,1
BRDA:114,9,1,1
BRDA:130,10,0,1
BRDA:130,10,1,3
BRDA:139,11,0,1
BRDA:139,11,1,1
BRDA:153,12,0,1
BRDA:153,12,1,3
BRDA:162,13,0,1
BRDA:162,13,1,1
BRF:28
BRH:24
end_of_record
TN:
SF:app/database/mongodb/connect.js
FN:11,(anonymous_0)
FN:16,(anonymous_1)
FN:35,(anonymous_2)
FN:41,(anonymous_3)
FN:42,(anonymous_4)
FN:52,(anonymous_5)
FN:57,(anonymous_6)
FN:59,(anonymous_7)
FN:75,(anonymous_8)
FN:88,(anonymous_9)
FN:90,(anonymous_10)
FNF:11
FNH:11
FNDA:2,(anonymous_0)
FNDA:3,(anonymous_1)
FNDA:2,(anonymous_2)
FNDA:2,(anonymous_3)
FNDA:3,(anonymous_4)
FNDA:2,(anonymous_5)
FNDA:3,(anonymous_6)
FNDA:5,(anonymous_7)
FNDA:3,(anonymous_8)
FNDA:3,(anonymous_9)
FNDA:3,(anonymous_10)
DA:1,1
DA:2,1
DA:4,1
DA:5,1
DA:6,1
DA:7,1
DA:9,1
DA:10,1
DA:11,1
DA:12,2
DA:13,2
DA:16,1
DA:17,3
DA:25,3
DA:26,3
DA:27,2
DA:28,2
DA:30,1
DA:31,1
DA:35,1
DA:36,2
DA:37,2
DA:38,2
DA:41,1
DA:42,2
DA:43,3
DA:44,3
DA:45,0
DA:47,2
DA:52,1
DA:53,2
DA:54,2
DA:57,1
DA:58,3
DA:59,3
DA:60,5
DA:61,5
DA:63,5
DA:65,3
DA:66,0
DA:72,3
DA:75,1
DA:76,3
DA:77,3
DA:78,0
DA:85,2
DA:88,1
DA:90,3
DA:91,3
DA:92,3
DA:93,0
DA:95,3
DA:96,2
DA:97,2
DA:100,3
DA:101,2
DA:102,0
DA:103,0
DA:104,0
DA:106,0
DA:107,0
DA:109,2
DA:112,1
LF:63
LH:54
BRDA:44,0,0,0
BRDA:44,0,1,2
BRDA:60,1,0,5
BRDA:60,1,1,0
BRDA:65,2,0,0
BRDA:65,2,1,3
BRDA:77,3,0,0
BRDA:77,3,1,2
BRDA:92,4,0,0
BRDA:92,4,1,3
BRDA:101,5,0,0
BRDA:101,5,1,2
BRDA:103,6,0,0
BRDA:103,6,1,0
BRF:14
BRH:6
end_of_record
TN:
SF:app/database/redis/connect.js
FN:6,(anonymous_0)
FN:8,(anonymous_1)
FN:15,(anonymous_2)
FNF:3
FNH:2
FNDA:1,(anonymous_0)
FNDA:2,(anonymous_1)
FNDA:0,(anonymous_2)
DA:1,1
DA:2,1
DA:3,1
DA:4,1
DA:6,1
DA:7,1
DA:9,2
DA:16,0
DA:25,1
LF:9
LH:8
BRF:0
BRH:0
end_of_record
TN:
SF:app/helpers/crypt.js
FN:4,(anonymous_0)
FN:11,(anonymous_1)
FNF:2
FNH:2
FNDA:8,(anonymous_0)
FNDA:1,(anonymous_1)
DA:1,1
DA:2,1
DA:4,1
DA:5,8
DA:6,8
DA:7,8
DA:8,8
DA:11,1
DA:12,1
DA:13,1
DA:14,1
DA:15,1
DA:18,1
LF:13
LH:13
BRF:0
BRH:0
end_of_record
TN:
SF:app/helpers/logger.js
FN:14,(anonymous_0)
FN:16,(anonymous_1)
FNF:2
FNH:2
FNDA:3,(anonymous_0)
FNDA:37,(anonymous_1)
DA:1,1
DA:3,1
DA:14,3
DA:16,37
DA:18,1
LF:5
LH:5
BRF:0
BRH:0
end_of_record
TN:
SF:app/helpers/response.js
FN:3,(anonymous_0)
FNF:1
FNH:1
FNDA:45,(anonymous_0)
DA:1,1
DA:3,1
DA:4,45
DA:5,28
DA:7,17
DA:16,1
LF:6
LH:6
BRDA:4,0,0,28
BRDA:4,0,1,17
BRF:2
BRH:2
end_of_record
TN:
SF:app/helpers/wrapper.js
FN:3,(anonymous_0)
FN:10,(anonymous_1)
FN:17,(anonymous_2)
FNF:3
FNH:3
FNDA:30,(anonymous_0)
FNDA:51,(anonymous_1)
FNDA:50,(anonymous_2)
DA:1,1
DA:3,30
DA:10,51
DA:17,1
DA:18,50
DA:19,21
DA:21,50
DA:22,3
DA:25,50
DA:27,29
DA:28,29
DA:30,20
DA:31,20
DA:33,1
DA:34,1
DA:36,50
DA:44,1
LF:17
LH:17
BRDA:3,0,0,15
BRDA:3,1,0,15
BRDA:10,2,0,13
BRDA:18,3,0,21
BRDA:18,3,1,29
BRDA:21,4,0,3
BRDA:21,4,1,47
BRDA:25,5,0,29
BRDA:25,5,1,20
BRDA:25,5,2,1
BRF:10
BRH:10
end_of_record
TN:
SF:app/lib/fields.js
FNF:0
FNH:0
DA:1,1
DA:6,1
DA:11,1
LF:3
LH:3
BRF:0
BRH:0
end_of_record
TN:
SF:app/lib/http_code.js
FNF:0
FNH:0
DA:1,1
DA:14,1
LF:2
LH:2
BRF:0
BRH:0
end_of_record
